c:\users\ruautonomous\desktop\libmvcam\libmvcam\debug\vc140.pdb
c:\users\ruautonomous\desktop\libmvcam\libmvcam\debug\vc140.idb
c:\users\ruautonomous\desktop\libmvcam\libmvcam\debug\dllmain.obj
c:\users\ruautonomous\desktop\libmvcam\libmvcam\debug\libmvcam.obj
c:\users\ruautonomous\desktop\libmvcam\libmvcam\debug\stdafx.obj
c:\users\ruautonomous\desktop\libmvcam\debug\libmvcam.lib
c:\users\ruautonomous\desktop\libmvcam\debug\libmvcam.exp
c:\users\ruautonomous\desktop\libmvcam\debug\libmvcam.ilk
c:\users\ruautonomous\desktop\libmvcam\debug\libmvcam.dll
c:\users\ruautonomous\desktop\libmvcam\debug\libmvcam.pdb
c:\users\ruautonomous\desktop\onboard\libmvcam\libmvcam\debug\dllmain.obj
c:\users\ruautonomous\desktop\onboard\libmvcam\libmvcam\debug\libmvcam.obj
c:\users\ruautonomous\desktop\onboard\libmvcam\libmvcam\debug\stdafx.obj
c:\users\ruautonomous\desktop\onboard\libmvcam\libmvcam\debug\vc140.idb
c:\users\ruautonomous\desktop\onboard\libmvcam\libmvcam\debug\vc140.pdb
c:\users\ruautonomous\desktop\onboard\libmvcam\debug\libmvcam.pdb
c:\users\ruautonomous\desktop\onboard\libmvcam\debug\libmvcam.dll
c:\users\ruautonomous\desktop\onboard\libmvcam\debug\libmvcam.ilk
c:\users\ruautonomous\desktop\onboard\libmvcam\libmvcam\debug\libmvcam.tlog\cl.command.1.tlog
c:\users\ruautonomous\desktop\onboard\libmvcam\libmvcam\debug\libmvcam.tlog\cl.read.1.tlog
c:\users\ruautonomous\desktop\onboard\libmvcam\libmvcam\debug\libmvcam.tlog\cl.write.1.tlog
c:\users\ruautonomous\desktop\onboard\libmvcam\libmvcam\debug\libmvcam.tlog\libmvcam.write.1u.tlog
c:\users\ruautonomous\desktop\onboard\libmvcam\libmvcam\debug\libmvcam.tlog\link.command.1.tlog
c:\users\ruautonomous\desktop\onboard\libmvcam\libmvcam\debug\libmvcam.tlog\link.read.1.tlog
c:\users\ruautonomous\desktop\onboard\libmvcam\libmvcam\debug\libmvcam.tlog\link.write.1.tlog
